0 info it worked if it ends with ok
1 verbose cli [ '/usr/bin/nodejs',
1 verbose cli   '/usr/bin/npm',
1 verbose cli   'install',
1 verbose cli   'https://github.com/angular-ui/bootstrap.git',
1 verbose cli   '--save' ]
2 info using npm@1.3.10
3 info using node@v0.10.25
4 warn package.json angular-ui-bootstrap@0.13.0-SNAPSHOT No repository field.
5 verbose readDependencies using package.json deps
6 verbose cache add [ 'https://github.com/angular-ui/bootstrap.git', null ]
7 verbose cache add name=undefined spec="https://github.com/angular-ui/bootstrap.git" args=["https://github.com/angular-ui/bootstrap.git",null]
8 verbose parsed url { protocol: 'https:',
8 verbose parsed url   slashes: true,
8 verbose parsed url   auth: null,
8 verbose parsed url   host: 'github.com',
8 verbose parsed url   port: null,
8 verbose parsed url   hostname: 'github.com',
8 verbose parsed url   hash: null,
8 verbose parsed url   search: null,
8 verbose parsed url   query: null,
8 verbose parsed url   pathname: '/angular-ui/bootstrap.git',
8 verbose parsed url   path: '/angular-ui/bootstrap.git',
8 verbose parsed url   href: 'https://github.com/angular-ui/bootstrap.git' }
9 silly lockFile 2726f65f-hub-com-angular-ui-bootstrap-git https://github.com/angular-ui/bootstrap.git
10 verbose lock https://github.com/angular-ui/bootstrap.git /home/vagrant/.npm/2726f65f-hub-com-angular-ui-bootstrap-git.lock
11 verbose addRemoteTarball [ 'https://github.com/angular-ui/bootstrap.git', null ]
12 info retry fetch attempt 1 at 08:15:53
13 verbose fetch to= /home/vagrant/tmp/npm-2005-QDf8shwv/1419149753906-0.28117261501029134/tmp.tgz
14 http GET https://github.com/angular-ui/bootstrap.git
15 http 200 https://github.com/angular-ui/bootstrap.git
16 verbose tar unpack /home/vagrant/tmp/npm-2005-QDf8shwv/1419149753906-0.28117261501029134/tmp.tgz
17 silly lockFile e71fbc0e-3906-0-28117261501029134-package tar:///home/vagrant/tmp/npm-2005-QDf8shwv/1419149753906-0.28117261501029134/package
18 verbose lock tar:///home/vagrant/tmp/npm-2005-QDf8shwv/1419149753906-0.28117261501029134/package /home/vagrant/.npm/e71fbc0e-3906-0-28117261501029134-package.lock
19 silly lockFile c06be4d7-3906-0-28117261501029134-tmp-tgz tar:///home/vagrant/tmp/npm-2005-QDf8shwv/1419149753906-0.28117261501029134/tmp.tgz
20 verbose lock tar:///home/vagrant/tmp/npm-2005-QDf8shwv/1419149753906-0.28117261501029134/tmp.tgz /home/vagrant/.npm/c06be4d7-3906-0-28117261501029134-tmp-tgz.lock
21 silly gunzTarPerm modes [ '755', '644' ]
22 error not a package /home/vagrant/tmp/npm-2005-QDf8shwv/1419149753906-0.28117261501029134/tmp.tgz
23 silly lockFile e71fbc0e-3906-0-28117261501029134-package tar:///home/vagrant/tmp/npm-2005-QDf8shwv/1419149753906-0.28117261501029134/package
24 silly lockFile e71fbc0e-3906-0-28117261501029134-package tar:///home/vagrant/tmp/npm-2005-QDf8shwv/1419149753906-0.28117261501029134/package
25 silly lockFile c06be4d7-3906-0-28117261501029134-tmp-tgz tar:///home/vagrant/tmp/npm-2005-QDf8shwv/1419149753906-0.28117261501029134/tmp.tgz
26 silly lockFile c06be4d7-3906-0-28117261501029134-tmp-tgz tar:///home/vagrant/tmp/npm-2005-QDf8shwv/1419149753906-0.28117261501029134/tmp.tgz
27 silly lockFile 2726f65f-hub-com-angular-ui-bootstrap-git https://github.com/angular-ui/bootstrap.git
28 silly lockFile 2726f65f-hub-com-angular-ui-bootstrap-git https://github.com/angular-ui/bootstrap.git
29 error Error: ENOENT, open '/home/vagrant/tmp/npm-2005-QDf8shwv/1419149753906-0.28117261501029134/package/package.json'
30 error If you need help, you may report this log at:
30 error     <http://github.com/isaacs/npm/issues>
30 error or email it to:
30 error     <npm-@googlegroups.com>
31 error System Linux 3.13.0-43-generic
32 error command "/usr/bin/nodejs" "/usr/bin/npm" "install" "https://github.com/angular-ui/bootstrap.git" "--save"
33 error cwd /usr/ffs/web-app
34 error node -v v0.10.25
35 error npm -v 1.3.10
36 error path /home/vagrant/tmp/npm-2005-QDf8shwv/1419149753906-0.28117261501029134/package/package.json
37 error code ENOENT
38 error errno 34
39 verbose exit [ 34, true ]
